<?xml version="1.0" encoding="UTF-8"?>
<testsuite xmlns:xsi="http://www.w3.org/2001/XMLSchema-instance" xsi:noNamespaceSchemaLocation="https://maven.apache.org/surefire/maven-surefire-plugin/xsd/surefire-test-report.xsd" name="TestSuite" time="46.368" tests="2" errors="0" skipped="0" failures="0">
  <properties>
[...]
</properties>
  <testcase name="testClinicalKpiAlphabeticalSorting" classname="platform.kpi.KpiTest" time="18.226"/>
  <testcase name="testOperationalKpiAlphabeticalSorting" classname="platform.kpi.KpiTest" time="17.771"/>
</testsuite>