<?xml version="1.0" encoding="UTF-8"?>
<testng-results ignored="0" total="2" passed="2" failed="0" skipped="0">
  <reporter-output>
  </reporter-output>
  <suite started-at="2023-02-22T17:26:54 CET" name="All Test Suite" finished-at="2023-02-22T17:27:31 CET" duration-ms="37313">
    <groups>
    </groups>
    <test started-at="2023-02-22T17:26:54 CET" name="C:/CX/Candidates/CXP-Test-Automation/src/test/java/platform/kpi/KpiTest.java" finished-at="2023-02-22T17:27:31 CET" duration-ms="37313">
      <class name="platform.kpi.KpiTest">
        <test-method is-config="true" signature="launchBrowser()[pri:0, instance:platform.kpi.KpiTest@723ed581]" started-at="2023-02-22T17:26:49 CET" name="launchBrowser" finished-at="2023-02-22T17:26:54 CET" duration-ms="5459" status="PASS">
          <reporter-output>
          </reporter-output>
        </test-method> <!-- launchBrowser -->
        <test-method is-config="true" signature="createContextAndPage()[pri:0, instance:platform.kpi.KpiTest@723ed581]" started-at="2023-02-22T17:26:54 CET" name="createContextAndPage" finished-at="2023-02-22T17:26:55 CET" duration-ms="461" status="PASS">
          <reporter-output>
          </reporter-output>
        </test-method> <!-- createContextAndPage -->
        <test-method signature="testClinicalKpiAlphabeticalSorting()[pri:0, instance:platform.kpi.KpiTest@723ed581]" started-at="2023-02-22T17:26:55 CET" name="testClinicalKpiAlphabeticalSorting" description="Test Kpi Clinical Alphabetical Sorting" finished-at="2023-02-22T17:27:13 CET" duration-ms="18297" status="PASS">
          <reporter-output>
          </reporter-output>
        </test-method> <!-- testClinicalKpiAlphabeticalSorting -->
        <test-method is-config="true" signature="closeContext()[pri:0, instance:platform.kpi.KpiTest@723ed581]" started-at="2023-02-22T17:27:13 CET" name="closeContext" finished-at="2023-02-22T17:27:13 CET" duration-ms="81" status="PASS">
          <reporter-output>
          </reporter-output>
        </test-method> <!-- closeContext -->
        <test-method is-config="true" signature="createContextAndPage()[pri:0, instance:platform.kpi.KpiTest@723ed581]" started-at="2023-02-22T17:27:13 CET" name="createContextAndPage" finished-at="2023-02-22T17:27:13 CET" duration-ms="298" status="PASS">
          <reporter-output>
          </reporter-output>
        </test-method> <!-- createContextAndPage -->
        <test-method signature="testOperationalKpiAlphabeticalSorting()[pri:0, instance:platform.kpi.KpiTest@723ed581]" started-at="2023-02-22T17:27:13 CET" name="testOperationalKpiAlphabeticalSorting" description="Test Kpi Clinical Alphabetical Sorting" finished-at="2023-02-22T17:27:31 CET" duration-ms="17773" status="PASS">
          <reporter-output>
          </reporter-output>
        </test-method> <!-- testOperationalKpiAlphabeticalSorting -->
        <test-method is-config="true" signature="closeContext()[pri:0, instance:platform.kpi.KpiTest@723ed581]" started-at="2023-02-22T17:27:31 CET" name="closeContext" finished-at="2023-02-22T17:27:31 CET" duration-ms="65" status="PASS">
          <reporter-output>
          </reporter-output>
        </test-method> <!-- closeContext -->
        <test-method is-config="true" signature="closeBrowser()[pri:0, instance:platform.kpi.KpiTest@723ed581]" started-at="2023-02-22T17:27:31 CET" name="closeBrowser" finished-at="2023-02-22T17:27:32 CET" duration-ms="277" status="PASS">
          <reporter-output>
          </reporter-output>
        </test-method> <!-- closeBrowser -->
      </class> <!-- platform.kpi.KpiTest -->
    </test> <!-- C:/CX/Candidates/CXP-Test-Automation/src/test/java/platform/kpi/KpiTest.java -->
  </suite> <!-- All Test Suite -->
</testng-results>
